<?xml version="1.0" encoding="UTF-8"?>
<!-- Generated by org.testng.reporters.JUnitReportReporter -->
<testsuite hostname="user-PC" failures="0" tests="8" name="test.org.OOPS" time="437.272" errors="0" timestamp="28 Apr 2018 07:39:31 GMT" skipped="0">
  <testcase classname="test.org.OOPS" name="verifyOops" time="85.726"/>
  <testcase classname="test.org.OOPS" name="verifyDashboard" time="33.101"/>
  <testcase classname="test.org.OOPS" name="verifyContent" time="45.551"/>
  <testcase classname="test.org.OOPS" name="verifyResources" time="43.683"/>
  <testcase classname="test.org.OOPS" name="verifyHelp" time="57.845"/>
  <testcase classname="test.org.OOPS" name="verifyContactus" time="57.481"/>
  <testcase classname="test.org.OOPS" name="verifyAccountSettings" time="49.649"/>
  <testcase classname="test.org.OOPS" name="verifyLogin" time="64.236"/>
</testsuite> <!-- test.org.OOPS -->
