<?xml version="1.0" encoding="UTF-8"?>
<!-- Generated by org.testng.reporters.JUnitReportReporter -->
<testsuite hostname="user-PC" failures="0" tests="1" name="test.org.TermsofUse" time="57.488" errors="0" timestamp="28 Apr 2018 07:39:28 GMT" skipped="0">
  <testcase classname="test.org.TermsofUse" name="termsofuseverify" time="57.488"/>
</testsuite> <!-- test.org.TermsofUse -->
