<?xml version="1.0" encoding="UTF-8"?>
<!-- Generated by org.testng.reporters.JUnitReportReporter -->
<testsuite hostname="user-PC" failures="0" tests="2" name="test.org.Framework_test" time="66.454" errors="0" timestamp="28 Apr 2018 05:51:10 GMT" skipped="0">
  <testcase classname="test.org.Framework_test" name="verifyLogin" time="23.912"/>
  <testcase classname="test.org.Framework_test" name="loginpositive" time="42.542"/>
</testsuite> <!-- test.org.Framework_test -->
