<?xml version="1.0" encoding="UTF-8"?>
<!-- Generated by org.testng.reporters.JUnitReportReporter -->
<testsuite skipped="0" hostname="vinoth" name="test.org.Login_Manager" tests="1" failures="0" timestamp="03 Apr 2018 07:30:11 GMT" time="52.253" errors="0">
  <testcase name="login" time="52.253" classname="test.org.Login_Manager"/>
</testsuite> <!-- test.org.Login_Manager -->
