<?xml version="1.0" encoding="UTF-8"?>
<!-- Generated by org.testng.reporters.JUnitReportReporter -->
<testsuite skipped="0" hostname="vinoth" name="test.org.RacTest" tests="1" failures="0" timestamp="04 Apr 2018 13:18:52 GMT" time="60.466" errors="0">
  <testcase name="alertCancel" time="60.466" classname="test.org.RacTest"/>
</testsuite> <!-- test.org.RacTest -->
