<?xml version="1.0" encoding="UTF-8"?>
<!-- Generated by org.testng.reporters.JUnitReportReporter -->
<testsuite hostname="user-PC" failures="0" tests="1" name="test.org.AccountSettings" time="57.781" errors="0" timestamp="26 Apr 2018 09:33:44 GMT" skipped="0">
  <testcase classname="test.org.AccountSettings" name="articleVerify" time="57.781"/>
</testsuite> <!-- test.org.AccountSettings -->
