<?xml version="1.0" encoding="UTF-8"?>
<!-- Generated by org.testng.reporters.JUnitReportReporter -->
<testsuite skipped="0" hostname="vinoth" name="test.org.RegisterDelete" tests="1" failures="0" timestamp="07 Apr 2018 09:30:57 GMT" time="65.598" errors="0">
  <testcase name="Register" time="65.598" classname="test.org.RegisterDelete"/>
</testsuite> <!-- test.org.RegisterDelete -->
