<?xml version="1.0" encoding="UTF-8"?>
<!-- Generated by org.testng.reporters.JUnitReportReporter -->
<testsuite skipped="0" hostname="vinoth" name="test.org.Privacy_Policy" tests="1" failures="0" timestamp="22 Apr 2018 04:19:58 GMT" time="90.570" errors="0">
  <testcase name="termsofuseverify" time="90.570" classname="test.org.Privacy_Policy"/>
</testsuite> <!-- test.org.Privacy_Policy -->
