<?xml version="1.0" encoding="UTF-8"?>
<!-- Generated by org.testng.reporters.JUnitReportReporter -->
<testsuite skipped="0" hostname="vinoth" name="test.org.Contact_Us" tests="1" failures="0" timestamp="22 Apr 2018 03:40:14 GMT" time="82.732" errors="0">
  <testcase name="termsofuseverify" time="82.732" classname="test.org.Contact_Us"/>
</testsuite> <!-- test.org.Contact_Us -->
