<?xml version="1.0" encoding="UTF-8"?>
<!-- Generated by org.testng.reporters.JUnitReportReporter -->
<testsuite skipped="0" hostname="vinoth" name="test.org.Termsof_Use" tests="1" failures="0" timestamp="22 Apr 2018 04:19:58 GMT" time="116.561" errors="0">
  <testcase name="termsofuseverify" time="116.561" classname="test.org.Termsof_Use"/>
</testsuite> <!-- test.org.Termsof_Use -->
