<?xml version="1.0" encoding="UTF-8"?>
<!-- Generated by org.testng.reporters.JUnitReportReporter -->
<testsuite skipped="0" hostname="vinoth" name="test.base.Property_base" tests="3" failures="0" timestamp="21 Mar 2018 11:34:57 GMT" time="0.223" errors="0">
  <testcase name="urlget" time="0.009" classname="test.base.Property_base"/>
  <testcase name="fire" time="0.016" classname="test.base.Property_base"/>
  <testcase name="chrome" time="0.198" classname="test.base.Property_base"/>
</testsuite> <!-- test.base.Property_base -->
