<?xml version="1.0" encoding="UTF-8"?>
<!-- Generated by org.testng.reporters.JUnitReportReporter -->
<testsuite hostname="user-PC" failures="0" tests="1" name="test.org.PrivacyPolicy" time="37.840" errors="0" timestamp="28 Apr 2018 07:39:30 GMT" skipped="0">
  <testcase classname="test.org.PrivacyPolicy" name="termsofuseverify" time="37.840"/>
</testsuite> <!-- test.org.PrivacyPolicy -->
