<?xml version="1.0" encoding="UTF-8"?>
<!-- Generated by org.testng.reporters.JUnitReportReporter -->
<testsuite hostname="user-PC" failures="0" tests="6" name="test.org.ContactUs" time="331.362" errors="0" timestamp="28 Apr 2018 07:39:30 GMT" skipped="0">
  <testcase classname="test.org.ContactUs" name="termsofuseverify" time="33.683"/>
  <testcase classname="test.org.ContactUs" name="helpcenterLink" time="34.974"/>
  <testcase classname="test.org.ContactUs" name="thispageLink" time="75.788"/>
  <testcase classname="test.org.ContactUs" name="formFill" time="75.352"/>
  <testcase classname="test.org.ContactUs" name="formFill_Invalid" time="63.172"/>
  <testcase classname="test.org.ContactUs" name="formFill_empty" time="48.393"/>
</testsuite> <!-- test.org.ContactUs -->
